<?xml version="1.0" encoding="UTF-8"?>
<testsuite name="CustomerTest" tests="1" skipped="0" failures="0" errors="0" timestamp="2020-10-13T23:02:34" hostname="Bryces-MacBook-Pro.local" time="0.002">
  <properties/>
  <testcase name="testRandomDecorations" classname="CustomerTest" time="0.002"/>
  <system-out><![CDATA[]]></system-out>
  <system-err><![CDATA[]]></system-err>
</testsuite>
