<?xml version="1.0" encoding="UTF-8"?>
<testsuite name="CustomerTest" tests="1" skipped="0" failures="0" errors="0" timestamp="2020-10-13T23:29:26" hostname="Bryces-MacBook-Pro.local" time="0.001">
  <properties/>
  <testcase name="testRollAmounts" classname="CustomerTest" time="0.001"/>
  <system-out><![CDATA[]]></system-out>
  <system-err><![CDATA[]]></system-err>
</testsuite>
