<?xml version="1.0" encoding="UTF-8"?>
<testsuite name="CustomerTest" tests="1" skipped="0" failures="0" errors="0" timestamp="2020-10-13T23:20:25" hostname="Jaclyns-MacBook-Pro.local" time="0.01">
  <properties/>
  <testcase name="testRandomDecorations" classname="CustomerTest" time="0.01"/>
  <system-out><![CDATA[]]></system-out>
  <system-err><![CDATA[]]></system-err>
</testsuite>
