<?xml version="1.0" encoding="UTF-8"?>
<testsuite name="CustomerTest" tests="1" skipped="0" failures="0" errors="0" timestamp="2020-10-11T22:38:01" hostname="NICK" time="0.004">
  <properties/>
  <testcase name="testBusinessCustomer" classname="CustomerTest" time="0.004"/>
  <system-out><![CDATA[spring2
pastry2
egg2
sausage2
jelly2
]]></system-out>
  <system-err><![CDATA[]]></system-err>
</testsuite>
